08:50:37.329 | INFO    | prefect - Starting temporary server on http://127.0.0.1:8185
See https://docs.prefect.io/v3/concepts/server#how-to-guides for more information on running a dedicated Prefect server.
08:50:40.095 | WARNING | Task run 'process_ndvi_to_geotiff' - Skipping NaT time value: NaT
08:50:40.097 | WARNING | Task run 'process_ndvi_to_geotiff' - Skipping NaT time value: NaT
08:50:40.098 | WARNING | Task run 'process_ndvi_to_geotiff' - Skipping NaT time value: NaT
08:50:40.098 | WARNING | Task run 'process_ndvi_to_geotiff' - Skipping NaT time value: NaT
08:50:40.098 | WARNING | Task run 'process_ndvi_to_geotiff' - Skipping NaT time value: NaT
08:50:40.099 | WARNING | Task run 'process_ndvi_to_geotiff' - Skipping NaT time value: NaT
08:50:40.099 | WARNING | Task run 'process_ndvi_to_geotiff' - Skipping NaT time value: NaT
08:50:40.099 | WARNING | Task run 'process_ndvi_to_geotiff' - Skipping NaT time value: NaT
08:50:40.100 | WARNING | Task run 'process_ndvi_to_geotiff' - Skipping NaT time value: NaT
08:50:40.100 | WARNING | Task run 'process_ndvi_to_geotiff' - Skipping NaT time value: NaT
08:50:40.101 | WARNING | Task run 'process_ndvi_to_geotiff' - Skipping NaT time value: NaT
08:50:40.101 | WARNING | Task run 'process_ndvi_to_geotiff' - Skipping NaT time value: NaT
08:50:40.102 | WARNING | Task run 'process_ndvi_to_geotiff' - Skipping NaT time value: NaT
08:50:40.103 | WARNING | Task run 'process_ndvi_to_geotiff' - Skipping NaT time value: NaT
08:50:40.104 | WARNING | Task run 'process_ndvi_to_geotiff' - Skipping NaT time value: NaT
08:50:40.105 | WARNING | Task run 'process_ndvi_to_geotiff' - Skipping NaT time value: NaT
08:50:40.107 | INFO    | Task run 'process_ndvi_to_geotiff' - Finished in state Completed()
08:50:40.183 | WARNING | Task run 'process_ndvi_to_geotiff' - Skipping NaT time value: NaT
08:50:40.184 | WARNING | Task run 'process_ndvi_to_geotiff' - Skipping NaT time value: NaT
08:50:40.184 | WARNING | Task run 'process_ndvi_to_geotiff' - Skipping NaT time value: NaT
08:50:40.185 | WARNING | Task run 'process_ndvi_to_geotiff' - Skipping NaT time value: NaT
08:50:40.185 | WARNING | Task run 'process_ndvi_to_geotiff' - Skipping NaT time value: NaT
08:50:40.185 | WARNING | Task run 'process_ndvi_to_geotiff' - Skipping NaT time value: NaT
08:50:40.186 | WARNING | Task run 'process_ndvi_to_geotiff' - Skipping NaT time value: NaT
08:50:40.186 | WARNING | Task run 'process_ndvi_to_geotiff' - Skipping NaT time value: NaT
08:50:40.187 | WARNING | Task run 'process_ndvi_to_geotiff' - Skipping NaT time value: NaT
08:50:40.187 | WARNING | Task run 'process_ndvi_to_geotiff' - Skipping NaT time value: NaT
08:50:40.187 | WARNING | Task run 'process_ndvi_to_geotiff' - Skipping NaT time value: NaT
08:50:40.188 | WARNING | Task run 'process_ndvi_to_geotiff' - Skipping NaT time value: NaT
08:50:40.188 | WARNING | Task run 'process_ndvi_to_geotiff' - Skipping NaT time value: NaT
08:50:40.188 | WARNING | Task run 'process_ndvi_to_geotiff' - Skipping NaT time value: NaT
08:50:40.189 | WARNING | Task run 'process_ndvi_to_geotiff' - Skipping NaT time value: NaT
08:50:40.189 | WARNING | Task run 'process_ndvi_to_geotiff' - Skipping NaT time value: NaT
08:50:40.191 | INFO    | Task run 'process_ndvi_to_geotiff' - Finished in state Completed()
08:50:40.273 | WARNING | Task run 'process_ndvi_to_geotiff' - Skipping NaT time value: NaT
08:50:40.274 | WARNING | Task run 'process_ndvi_to_geotiff' - Skipping NaT time value: NaT
08:50:40.275 | WARNING | Task run 'process_ndvi_to_geotiff' - Skipping NaT time value: NaT
08:50:40.276 | WARNING | Task run 'process_ndvi_to_geotiff' - Skipping NaT time value: NaT
08:50:40.277 | WARNING | Task run 'process_ndvi_to_geotiff' - Skipping NaT time value: NaT
08:50:40.277 | WARNING | Task run 'process_ndvi_to_geotiff' - Skipping NaT time value: NaT
08:50:40.278 | WARNING | Task run 'process_ndvi_to_geotiff' - Skipping NaT time value: NaT
08:50:40.278 | WARNING | Task run 'process_ndvi_to_geotiff' - Skipping NaT time value: NaT
08:50:40.279 | WARNING | Task run 'process_ndvi_to_geotiff' - Skipping NaT time value: NaT
08:50:40.279 | WARNING | Task run 'process_ndvi_to_geotiff' - Skipping NaT time value: NaT
08:50:40.279 | WARNING | Task run 'process_ndvi_to_geotiff' - Skipping NaT time value: NaT
08:50:40.280 | WARNING | Task run 'process_ndvi_to_geotiff' - Skipping NaT time value: NaT
08:50:40.280 | WARNING | Task run 'process_ndvi_to_geotiff' - Skipping NaT time value: NaT
08:50:40.281 | WARNING | Task run 'process_ndvi_to_geotiff' - Skipping NaT time value: NaT
08:50:40.281 | WARNING | Task run 'process_ndvi_to_geotiff' - Skipping NaT time value: NaT
08:50:40.281 | WARNING | Task run 'process_ndvi_to_geotiff' - Skipping NaT time value: NaT
08:50:40.283 | INFO    | Task run 'process_ndvi_to_geotiff' - Finished in state Completed()
08:50:40.353 | WARNING | Task run 'process_ndvi_to_geotiff' - Skipping NaT time value: NaT
08:50:40.354 | WARNING | Task run 'process_ndvi_to_geotiff' - Skipping NaT time value: NaT
08:50:40.355 | WARNING | Task run 'process_ndvi_to_geotiff' - Skipping NaT time value: NaT
08:50:40.355 | WARNING | Task run 'process_ndvi_to_geotiff' - Skipping NaT time value: NaT
08:50:40.355 | WARNING | Task run 'process_ndvi_to_geotiff' - Skipping NaT time value: NaT
08:50:40.356 | WARNING | Task run 'process_ndvi_to_geotiff' - Skipping NaT time value: NaT
08:50:40.356 | WARNING | Task run 'process_ndvi_to_geotiff' - Skipping NaT time value: NaT
08:50:40.356 | WARNING | Task run 'process_ndvi_to_geotiff' - Skipping NaT time value: NaT
08:50:40.357 | WARNING | Task run 'process_ndvi_to_geotiff' - Skipping NaT time value: NaT
08:50:40.357 | WARNING | Task run 'process_ndvi_to_geotiff' - Skipping NaT time value: NaT
08:50:40.358 | WARNING | Task run 'process_ndvi_to_geotiff' - Skipping NaT time value: NaT
08:50:40.358 | WARNING | Task run 'process_ndvi_to_geotiff' - Skipping NaT time value: NaT
08:50:40.358 | WARNING | Task run 'process_ndvi_to_geotiff' - Skipping NaT time value: NaT
08:50:40.359 | WARNING | Task run 'process_ndvi_to_geotiff' - Skipping NaT time value: NaT
08:50:40.359 | WARNING | Task run 'process_ndvi_to_geotiff' - Skipping NaT time value: NaT
08:50:40.359 | WARNING | Task run 'process_ndvi_to_geotiff' - Skipping NaT time value: NaT
08:50:40.360 | WARNING | Task run 'process_ndvi_to_geotiff' - Skipping NaT time value: NaT
08:50:40.362 | INFO    | Task run 'process_ndvi_to_geotiff' - Finished in state Completed()
08:50:40.439 | WARNING | Task run 'process_ndvi_to_geotiff' - Skipping NaT time value: NaT
08:50:40.439 | WARNING | Task run 'process_ndvi_to_geotiff' - Skipping NaT time value: NaT
08:50:40.440 | WARNING | Task run 'process_ndvi_to_geotiff' - Skipping NaT time value: NaT
08:50:40.440 | WARNING | Task run 'process_ndvi_to_geotiff' - Skipping NaT time value: NaT
08:50:40.440 | WARNING | Task run 'process_ndvi_to_geotiff' - Skipping NaT time value: NaT
08:50:40.441 | WARNING | Task run 'process_ndvi_to_geotiff' - Skipping NaT time value: NaT
08:50:40.441 | WARNING | Task run 'process_ndvi_to_geotiff' - Skipping NaT time value: NaT
08:50:40.442 | WARNING | Task run 'process_ndvi_to_geotiff' - Skipping NaT time value: NaT
08:50:40.442 | WARNING | Task run 'process_ndvi_to_geotiff' - Skipping NaT time value: NaT
08:50:40.442 | WARNING | Task run 'process_ndvi_to_geotiff' - Skipping NaT time value: NaT
08:50:40.443 | WARNING | Task run 'process_ndvi_to_geotiff' - Skipping NaT time value: NaT
08:50:40.443 | WARNING | Task run 'process_ndvi_to_geotiff' - Skipping NaT time value: NaT
08:50:40.443 | WARNING | Task run 'process_ndvi_to_geotiff' - Skipping NaT time value: NaT
08:50:40.444 | WARNING | Task run 'process_ndvi_to_geotiff' - Skipping NaT time value: NaT
08:50:40.444 | WARNING | Task run 'process_ndvi_to_geotiff' - Skipping NaT time value: NaT
08:50:40.445 | WARNING | Task run 'process_ndvi_to_geotiff' - Skipping NaT time value: NaT
08:50:40.445 | WARNING | Task run 'process_ndvi_to_geotiff' - Skipping NaT time value: NaT
08:50:40.445 | WARNING | Task run 'process_ndvi_to_geotiff' - Skipping NaT time value: NaT
08:50:40.446 | WARNING | Task run 'process_ndvi_to_geotiff' - Skipping NaT time value: NaT
08:50:40.446 | WARNING | Task run 'process_ndvi_to_geotiff' - Skipping NaT time value: NaT
08:50:40.447 | WARNING | Task run 'process_ndvi_to_geotiff' - Skipping NaT time value: NaT
08:50:40.447 | WARNING | Task run 'process_ndvi_to_geotiff' - Skipping NaT time value: NaT
08:50:40.447 | WARNING | Task run 'process_ndvi_to_geotiff' - Skipping NaT time value: NaT
08:50:40.448 | WARNING | Task run 'process_ndvi_to_geotiff' - Skipping NaT time value: NaT
08:50:40.448 | WARNING | Task run 'process_ndvi_to_geotiff' - Skipping NaT time value: NaT
08:50:40.448 | WARNING | Task run 'process_ndvi_to_geotiff' - Skipping NaT time value: NaT
08:50:40.449 | WARNING | Task run 'process_ndvi_to_geotiff' - Skipping NaT time value: NaT
08:50:40.449 | WARNING | Task run 'process_ndvi_to_geotiff' - Skipping NaT time value: NaT
08:50:40.450 | WARNING | Task run 'process_ndvi_to_geotiff' - Skipping NaT time value: NaT
08:50:40.453 | INFO    | Task run 'process_ndvi_to_geotiff' - Finished in state Completed()
08:50:40.541 | WARNING | Task run 'process_ndvi_to_geotiff' - Skipping NaT time value: NaT
08:50:40.542 | WARNING | Task run 'process_ndvi_to_geotiff' - Skipping NaT time value: NaT
08:50:40.542 | WARNING | Task run 'process_ndvi_to_geotiff' - Skipping NaT time value: NaT
08:50:40.543 | WARNING | Task run 'process_ndvi_to_geotiff' - Skipping NaT time value: NaT
08:50:40.543 | WARNING | Task run 'process_ndvi_to_geotiff' - Skipping NaT time value: NaT
08:50:40.544 | WARNING | Task run 'process_ndvi_to_geotiff' - Skipping NaT time value: NaT
08:50:40.544 | WARNING | Task run 'process_ndvi_to_geotiff' - Skipping NaT time value: NaT
08:50:40.544 | WARNING | Task run 'process_ndvi_to_geotiff' - Skipping NaT time value: NaT
08:50:40.545 | WARNING | Task run 'process_ndvi_to_geotiff' - Skipping NaT time value: NaT
08:50:40.545 | WARNING | Task run 'process_ndvi_to_geotiff' - Skipping NaT time value: NaT
08:50:40.545 | WARNING | Task run 'process_ndvi_to_geotiff' - Skipping NaT time value: NaT
08:50:40.546 | WARNING | Task run 'process_ndvi_to_geotiff' - Skipping NaT time value: NaT
08:50:40.546 | WARNING | Task run 'process_ndvi_to_geotiff' - Skipping NaT time value: NaT
08:50:40.546 | WARNING | Task run 'process_ndvi_to_geotiff' - Skipping NaT time value: NaT
08:50:40.547 | WARNING | Task run 'process_ndvi_to_geotiff' - Skipping NaT time value: NaT
08:50:40.547 | WARNING | Task run 'process_ndvi_to_geotiff' - Skipping NaT time value: NaT
08:50:40.547 | WARNING | Task run 'process_ndvi_to_geotiff' - Skipping NaT time value: NaT
08:50:40.548 | WARNING | Task run 'process_ndvi_to_geotiff' - Skipping NaT time value: NaT
08:50:40.548 | WARNING | Task run 'process_ndvi_to_geotiff' - Skipping NaT time value: NaT
08:50:40.549 | WARNING | Task run 'process_ndvi_to_geotiff' - Skipping NaT time value: NaT
08:50:40.549 | WARNING | Task run 'process_ndvi_to_geotiff' - Skipping NaT time value: NaT
08:50:40.550 | WARNING | Task run 'process_ndvi_to_geotiff' - Skipping NaT time value: NaT
08:50:40.550 | WARNING | Task run 'process_ndvi_to_geotiff' - Skipping NaT time value: NaT
08:50:40.550 | WARNING | Task run 'process_ndvi_to_geotiff' - Skipping NaT time value: NaT
08:50:40.551 | WARNING | Task run 'process_ndvi_to_geotiff' - Skipping NaT time value: NaT
08:50:40.551 | WARNING | Task run 'process_ndvi_to_geotiff' - Skipping NaT time value: NaT
08:50:40.552 | WARNING | Task run 'process_ndvi_to_geotiff' - Skipping NaT time value: NaT
08:50:40.552 | WARNING | Task run 'process_ndvi_to_geotiff' - Skipping NaT time value: NaT
08:50:40.552 | WARNING | Task run 'process_ndvi_to_geotiff' - Skipping NaT time value: NaT
08:50:40.553 | WARNING | Task run 'process_ndvi_to_geotiff' - Skipping NaT time value: NaT
08:50:40.553 | WARNING | Task run 'process_ndvi_to_geotiff' - Skipping NaT time value: NaT
08:50:40.553 | WARNING | Task run 'process_ndvi_to_geotiff' - Skipping NaT time value: NaT
08:50:40.554 | WARNING | Task run 'process_ndvi_to_geotiff' - Skipping NaT time value: NaT
08:50:40.555 | INFO    | Task run 'process_ndvi_to_geotiff' - Finished in state Completed()
08:50:40.628 | WARNING | Task run 'process_ndvi_to_geotiff' - Skipping NaT time value: NaT
08:50:40.630 | WARNING | Task run 'process_ndvi_to_geotiff' - Skipping NaT time value: NaT
08:50:40.631 | WARNING | Task run 'process_ndvi_to_geotiff' - Skipping NaT time value: NaT
08:50:40.631 | WARNING | Task run 'process_ndvi_to_geotiff' - Skipping NaT time value: NaT
08:50:40.631 | WARNING | Task run 'process_ndvi_to_geotiff' - Skipping NaT time value: NaT
08:50:40.632 | WARNING | Task run 'process_ndvi_to_geotiff' - Skipping NaT time value: NaT
08:50:40.632 | WARNING | Task run 'process_ndvi_to_geotiff' - Skipping NaT time value: NaT
08:50:40.633 | WARNING | Task run 'process_ndvi_to_geotiff' - Skipping NaT time value: NaT
08:50:40.633 | WARNING | Task run 'process_ndvi_to_geotiff' - Skipping NaT time value: NaT
08:50:40.633 | WARNING | Task run 'process_ndvi_to_geotiff' - Skipping NaT time value: NaT
08:50:40.634 | WARNING | Task run 'process_ndvi_to_geotiff' - Skipping NaT time value: NaT
08:50:40.634 | WARNING | Task run 'process_ndvi_to_geotiff' - Skipping NaT time value: NaT
08:50:40.634 | WARNING | Task run 'process_ndvi_to_geotiff' - Skipping NaT time value: NaT
08:50:40.635 | WARNING | Task run 'process_ndvi_to_geotiff' - Skipping NaT time value: NaT
08:50:40.635 | WARNING | Task run 'process_ndvi_to_geotiff' - Skipping NaT time value: NaT
08:50:40.636 | WARNING | Task run 'process_ndvi_to_geotiff' - Skipping NaT time value: NaT
08:50:40.636 | WARNING | Task run 'process_ndvi_to_geotiff' - Skipping NaT time value: NaT
08:50:40.637 | WARNING | Task run 'process_ndvi_to_geotiff' - Skipping NaT time value: NaT
08:50:40.637 | WARNING | Task run 'process_ndvi_to_geotiff' - Skipping NaT time value: NaT
08:50:40.638 | WARNING | Task run 'process_ndvi_to_geotiff' - Skipping NaT time value: NaT
08:50:40.638 | WARNING | Task run 'process_ndvi_to_geotiff' - Skipping NaT time value: NaT
08:50:40.638 | WARNING | Task run 'process_ndvi_to_geotiff' - Skipping NaT time value: NaT
08:50:40.639 | WARNING | Task run 'process_ndvi_to_geotiff' - Skipping NaT time value: NaT
08:50:40.639 | WARNING | Task run 'process_ndvi_to_geotiff' - Skipping NaT time value: NaT
08:50:40.640 | WARNING | Task run 'process_ndvi_to_geotiff' - Skipping NaT time value: NaT
08:50:40.640 | WARNING | Task run 'process_ndvi_to_geotiff' - Skipping NaT time value: NaT
08:50:40.641 | WARNING | Task run 'process_ndvi_to_geotiff' - Skipping NaT time value: NaT
08:50:40.641 | WARNING | Task run 'process_ndvi_to_geotiff' - Skipping NaT time value: NaT
08:50:40.641 | WARNING | Task run 'process_ndvi_to_geotiff' - Skipping NaT time value: NaT
08:50:40.642 | WARNING | Task run 'process_ndvi_to_geotiff' - Skipping NaT time value: NaT
08:50:40.642 | WARNING | Task run 'process_ndvi_to_geotiff' - Skipping NaT time value: NaT
08:50:40.642 | WARNING | Task run 'process_ndvi_to_geotiff' - Skipping NaT time value: NaT
08:50:40.643 | WARNING | Task run 'process_ndvi_to_geotiff' - Skipping NaT time value: NaT
08:50:40.643 | WARNING | Task run 'process_ndvi_to_geotiff' - Skipping NaT time value: NaT
08:50:40.644 | WARNING | Task run 'process_ndvi_to_geotiff' - Skipping NaT time value: NaT
08:50:40.645 | INFO    | Task run 'process_ndvi_to_geotiff' - Finished in state Completed()
08:50:40.729 | WARNING | Task run 'process_ndvi_to_geotiff' - Skipping NaT time value: NaT
08:50:40.730 | WARNING | Task run 'process_ndvi_to_geotiff' - Skipping NaT time value: NaT
08:50:40.731 | WARNING | Task run 'process_ndvi_to_geotiff' - Skipping NaT time value: NaT
08:50:40.731 | WARNING | Task run 'process_ndvi_to_geotiff' - Skipping NaT time value: NaT
08:50:40.732 | WARNING | Task run 'process_ndvi_to_geotiff' - Skipping NaT time value: NaT
08:50:40.732 | WARNING | Task run 'process_ndvi_to_geotiff' - Skipping NaT time value: NaT
08:50:40.732 | WARNING | Task run 'process_ndvi_to_geotiff' - Skipping NaT time value: NaT
08:50:40.733 | WARNING | Task run 'process_ndvi_to_geotiff' - Skipping NaT time value: NaT
08:50:40.733 | WARNING | Task run 'process_ndvi_to_geotiff' - Skipping NaT time value: NaT
08:50:40.734 | WARNING | Task run 'process_ndvi_to_geotiff' - Skipping NaT time value: NaT
08:50:40.734 | WARNING | Task run 'process_ndvi_to_geotiff' - Skipping NaT time value: NaT
08:50:40.734 | WARNING | Task run 'process_ndvi_to_geotiff' - Skipping NaT time value: NaT
08:50:40.735 | WARNING | Task run 'process_ndvi_to_geotiff' - Skipping NaT time value: NaT
08:50:40.736 | WARNING | Task run 'process_ndvi_to_geotiff' - Skipping NaT time value: NaT
08:50:40.736 | WARNING | Task run 'process_ndvi_to_geotiff' - Skipping NaT time value: NaT
08:50:40.737 | WARNING | Task run 'process_ndvi_to_geotiff' - Skipping NaT time value: NaT
08:50:40.737 | WARNING | Task run 'process_ndvi_to_geotiff' - Skipping NaT time value: NaT
08:50:40.738 | WARNING | Task run 'process_ndvi_to_geotiff' - Skipping NaT time value: NaT
08:50:40.738 | WARNING | Task run 'process_ndvi_to_geotiff' - Skipping NaT time value: NaT
08:50:40.739 | WARNING | Task run 'process_ndvi_to_geotiff' - Skipping NaT time value: NaT
08:50:40.739 | WARNING | Task run 'process_ndvi_to_geotiff' - Skipping NaT time value: NaT
08:50:40.739 | WARNING | Task run 'process_ndvi_to_geotiff' - Skipping NaT time value: NaT
08:50:40.740 | WARNING | Task run 'process_ndvi_to_geotiff' - Skipping NaT time value: NaT
08:50:40.740 | WARNING | Task run 'process_ndvi_to_geotiff' - Skipping NaT time value: NaT
08:50:40.740 | WARNING | Task run 'process_ndvi_to_geotiff' - Skipping NaT time value: NaT
08:50:40.741 | WARNING | Task run 'process_ndvi_to_geotiff' - Skipping NaT time value: NaT
08:50:40.741 | WARNING | Task run 'process_ndvi_to_geotiff' - Skipping NaT time value: NaT
08:50:40.742 | WARNING | Task run 'process_ndvi_to_geotiff' - Skipping NaT time value: NaT
08:50:40.742 | WARNING | Task run 'process_ndvi_to_geotiff' - Skipping NaT time value: NaT
08:50:40.743 | WARNING | Task run 'process_ndvi_to_geotiff' - Skipping NaT time value: NaT
08:50:40.743 | WARNING | Task run 'process_ndvi_to_geotiff' - Skipping NaT time value: NaT
08:50:40.743 | WARNING | Task run 'process_ndvi_to_geotiff' - Skipping NaT time value: NaT
08:50:40.744 | WARNING | Task run 'process_ndvi_to_geotiff' - Skipping NaT time value: NaT
08:50:40.744 | WARNING | Task run 'process_ndvi_to_geotiff' - Skipping NaT time value: NaT
08:50:40.745 | WARNING | Task run 'process_ndvi_to_geotiff' - Skipping NaT time value: NaT
08:50:40.746 | INFO    | Task run 'process_ndvi_to_geotiff' - Finished in state Completed()
08:50:40.841 | WARNING | Task run 'process_ndvi_to_geotiff' - Skipping NaT time value: NaT
08:50:40.842 | WARNING | Task run 'process_ndvi_to_geotiff' - Skipping NaT time value: NaT
08:50:40.842 | WARNING | Task run 'process_ndvi_to_geotiff' - Skipping NaT time value: NaT
08:50:40.843 | WARNING | Task run 'process_ndvi_to_geotiff' - Skipping NaT time value: NaT
08:50:40.843 | WARNING | Task run 'process_ndvi_to_geotiff' - Skipping NaT time value: NaT
08:50:40.843 | WARNING | Task run 'process_ndvi_to_geotiff' - Skipping NaT time value: NaT
08:50:40.844 | WARNING | Task run 'process_ndvi_to_geotiff' - Skipping NaT time value: NaT
08:50:40.844 | WARNING | Task run 'process_ndvi_to_geotiff' - Skipping NaT time value: NaT
08:50:40.844 | WARNING | Task run 'process_ndvi_to_geotiff' - Skipping NaT time value: NaT
08:50:40.845 | WARNING | Task run 'process_ndvi_to_geotiff' - Skipping NaT time value: NaT
08:50:40.845 | WARNING | Task run 'process_ndvi_to_geotiff' - Skipping NaT time value: NaT
08:50:40.845 | WARNING | Task run 'process_ndvi_to_geotiff' - Skipping NaT time value: NaT
08:50:40.846 | WARNING | Task run 'process_ndvi_to_geotiff' - Skipping NaT time value: NaT
08:50:40.846 | WARNING | Task run 'process_ndvi_to_geotiff' - Skipping NaT time value: NaT
08:50:40.847 | WARNING | Task run 'process_ndvi_to_geotiff' - Skipping NaT time value: NaT
08:50:40.847 | WARNING | Task run 'process_ndvi_to_geotiff' - Skipping NaT time value: NaT
08:50:40.847 | WARNING | Task run 'process_ndvi_to_geotiff' - Skipping NaT time value: NaT
08:50:40.848 | WARNING | Task run 'process_ndvi_to_geotiff' - Skipping NaT time value: NaT
08:50:40.848 | WARNING | Task run 'process_ndvi_to_geotiff' - Skipping NaT time value: NaT
08:50:40.849 | WARNING | Task run 'process_ndvi_to_geotiff' - Skipping NaT time value: NaT
08:50:40.849 | WARNING | Task run 'process_ndvi_to_geotiff' - Skipping NaT time value: NaT
08:50:40.849 | WARNING | Task run 'process_ndvi_to_geotiff' - Skipping NaT time value: NaT
08:50:40.850 | WARNING | Task run 'process_ndvi_to_geotiff' - Skipping NaT time value: NaT
08:50:40.850 | WARNING | Task run 'process_ndvi_to_geotiff' - Skipping NaT time value: NaT
08:50:40.850 | WARNING | Task run 'process_ndvi_to_geotiff' - Skipping NaT time value: NaT
08:50:40.851 | WARNING | Task run 'process_ndvi_to_geotiff' - Skipping NaT time value: NaT
08:50:40.851 | WARNING | Task run 'process_ndvi_to_geotiff' - Skipping NaT time value: NaT
08:50:40.852 | WARNING | Task run 'process_ndvi_to_geotiff' - Skipping NaT time value: NaT
08:50:40.852 | WARNING | Task run 'process_ndvi_to_geotiff' - Skipping NaT time value: NaT
08:50:40.852 | WARNING | Task run 'process_ndvi_to_geotiff' - Skipping NaT time value: NaT
08:50:40.853 | WARNING | Task run 'process_ndvi_to_geotiff' - Skipping NaT time value: NaT
08:50:40.853 | WARNING | Task run 'process_ndvi_to_geotiff' - Skipping NaT time value: NaT
08:50:40.853 | WARNING | Task run 'process_ndvi_to_geotiff' - Skipping NaT time value: NaT
08:50:40.854 | WARNING | Task run 'process_ndvi_to_geotiff' - Skipping NaT time value: NaT
08:50:40.854 | WARNING | Task run 'process_ndvi_to_geotiff' - Skipping NaT time value: NaT
08:50:40.854 | WARNING | Task run 'process_ndvi_to_geotiff' - Skipping NaT time value: NaT
08:50:40.855 | WARNING | Task run 'process_ndvi_to_geotiff' - Skipping NaT time value: NaT
08:50:40.855 | WARNING | Task run 'process_ndvi_to_geotiff' - Skipping NaT time value: NaT
08:50:40.856 | WARNING | Task run 'process_ndvi_to_geotiff' - Skipping NaT time value: NaT
08:50:40.857 | INFO    | Task run 'process_ndvi_to_geotiff' - Finished in state Completed()
08:50:40.951 | WARNING | Task run 'process_ndvi_to_geotiff' - Skipping NaT time value: NaT
08:50:40.952 | WARNING | Task run 'process_ndvi_to_geotiff' - Skipping NaT time value: NaT
08:50:40.952 | WARNING | Task run 'process_ndvi_to_geotiff' - Skipping NaT time value: NaT
08:50:40.952 | WARNING | Task run 'process_ndvi_to_geotiff' - Skipping NaT time value: NaT
08:50:40.953 | WARNING | Task run 'process_ndvi_to_geotiff' - Skipping NaT time value: NaT
08:50:40.953 | WARNING | Task run 'process_ndvi_to_geotiff' - Skipping NaT time value: NaT
08:50:40.954 | WARNING | Task run 'process_ndvi_to_geotiff' - Skipping NaT time value: NaT
08:50:40.954 | WARNING | Task run 'process_ndvi_to_geotiff' - Skipping NaT time value: NaT
08:50:40.955 | WARNING | Task run 'process_ndvi_to_geotiff' - Skipping NaT time value: NaT
08:50:40.956 | WARNING | Task run 'process_ndvi_to_geotiff' - Skipping NaT time value: NaT
08:50:40.956 | WARNING | Task run 'process_ndvi_to_geotiff' - Skipping NaT time value: NaT
08:50:40.957 | WARNING | Task run 'process_ndvi_to_geotiff' - Skipping NaT time value: NaT
08:50:40.957 | WARNING | Task run 'process_ndvi_to_geotiff' - Skipping NaT time value: NaT
08:50:40.958 | WARNING | Task run 'process_ndvi_to_geotiff' - Skipping NaT time value: NaT
08:50:40.958 | WARNING | Task run 'process_ndvi_to_geotiff' - Skipping NaT time value: NaT
08:50:40.959 | WARNING | Task run 'process_ndvi_to_geotiff' - Skipping NaT time value: NaT
08:50:40.959 | WARNING | Task run 'process_ndvi_to_geotiff' - Skipping NaT time value: NaT
08:50:40.960 | WARNING | Task run 'process_ndvi_to_geotiff' - Skipping NaT time value: NaT
08:50:40.960 | WARNING | Task run 'process_ndvi_to_geotiff' - Skipping NaT time value: NaT
08:50:40.961 | WARNING | Task run 'process_ndvi_to_geotiff' - Skipping NaT time value: NaT
08:50:40.961 | WARNING | Task run 'process_ndvi_to_geotiff' - Skipping NaT time value: NaT
08:50:40.962 | WARNING | Task run 'process_ndvi_to_geotiff' - Skipping NaT time value: NaT
08:50:40.962 | WARNING | Task run 'process_ndvi_to_geotiff' - Skipping NaT time value: NaT
08:50:40.963 | WARNING | Task run 'process_ndvi_to_geotiff' - Skipping NaT time value: NaT
08:50:40.963 | WARNING | Task run 'process_ndvi_to_geotiff' - Skipping NaT time value: NaT
08:50:40.964 | WARNING | Task run 'process_ndvi_to_geotiff' - Skipping NaT time value: NaT
08:50:40.964 | WARNING | Task run 'process_ndvi_to_geotiff' - Skipping NaT time value: NaT
08:50:40.964 | WARNING | Task run 'process_ndvi_to_geotiff' - Skipping NaT time value: NaT
08:50:40.965 | WARNING | Task run 'process_ndvi_to_geotiff' - Skipping NaT time value: NaT
08:50:40.965 | WARNING | Task run 'process_ndvi_to_geotiff' - Skipping NaT time value: NaT
08:50:40.965 | WARNING | Task run 'process_ndvi_to_geotiff' - Skipping NaT time value: NaT
08:50:40.966 | WARNING | Task run 'process_ndvi_to_geotiff' - Skipping NaT time value: NaT
08:50:40.966 | WARNING | Task run 'process_ndvi_to_geotiff' - Skipping NaT time value: NaT
08:50:40.966 | WARNING | Task run 'process_ndvi_to_geotiff' - Skipping NaT time value: NaT
08:50:40.967 | WARNING | Task run 'process_ndvi_to_geotiff' - Skipping NaT time value: NaT
08:50:40.967 | WARNING | Task run 'process_ndvi_to_geotiff' - Skipping NaT time value: NaT
08:50:40.968 | WARNING | Task run 'process_ndvi_to_geotiff' - Skipping NaT time value: NaT
08:50:40.968 | WARNING | Task run 'process_ndvi_to_geotiff' - Skipping NaT time value: NaT
08:50:40.968 | WARNING | Task run 'process_ndvi_to_geotiff' - Skipping NaT time value: NaT
08:50:40.970 | INFO    | Task run 'process_ndvi_to_geotiff' - Finished in state Completed()
08:50:41.049 | WARNING | Task run 'process_ndvi_to_geotiff' - Skipping NaT time value: NaT
08:50:41.050 | WARNING | Task run 'process_ndvi_to_geotiff' - Skipping NaT time value: NaT
08:50:41.050 | WARNING | Task run 'process_ndvi_to_geotiff' - Skipping NaT time value: NaT
08:50:41.051 | WARNING | Task run 'process_ndvi_to_geotiff' - Skipping NaT time value: NaT
08:50:41.051 | WARNING | Task run 'process_ndvi_to_geotiff' - Skipping NaT time value: NaT
08:50:41.052 | WARNING | Task run 'process_ndvi_to_geotiff' - Skipping NaT time value: NaT
08:50:41.052 | WARNING | Task run 'process_ndvi_to_geotiff' - Skipping NaT time value: NaT
08:50:41.053 | WARNING | Task run 'process_ndvi_to_geotiff' - Skipping NaT time value: NaT
08:50:41.053 | WARNING | Task run 'process_ndvi_to_geotiff' - Skipping NaT time value: NaT
08:50:41.053 | WARNING | Task run 'process_ndvi_to_geotiff' - Skipping NaT time value: NaT
08:50:41.054 | WARNING | Task run 'process_ndvi_to_geotiff' - Skipping NaT time value: NaT
08:50:41.054 | WARNING | Task run 'process_ndvi_to_geotiff' - Skipping NaT time value: NaT
08:50:41.054 | WARNING | Task run 'process_ndvi_to_geotiff' - Skipping NaT time value: NaT
08:50:41.055 | WARNING | Task run 'process_ndvi_to_geotiff' - Skipping NaT time value: NaT
08:50:41.055 | WARNING | Task run 'process_ndvi_to_geotiff' - Skipping NaT time value: NaT
08:50:41.056 | WARNING | Task run 'process_ndvi_to_geotiff' - Skipping NaT time value: NaT
08:50:41.057 | WARNING | Task run 'process_ndvi_to_geotiff' - Skipping NaT time value: NaT
08:50:41.057 | WARNING | Task run 'process_ndvi_to_geotiff' - Skipping NaT time value: NaT
08:50:41.058 | WARNING | Task run 'process_ndvi_to_geotiff' - Skipping NaT time value: NaT
08:50:41.058 | WARNING | Task run 'process_ndvi_to_geotiff' - Skipping NaT time value: NaT
08:50:41.059 | WARNING | Task run 'process_ndvi_to_geotiff' - Skipping NaT time value: NaT
08:50:41.059 | WARNING | Task run 'process_ndvi_to_geotiff' - Skipping NaT time value: NaT
08:50:41.059 | WARNING | Task run 'process_ndvi_to_geotiff' - Skipping NaT time value: NaT
08:50:41.060 | WARNING | Task run 'process_ndvi_to_geotiff' - Skipping NaT time value: NaT
08:50:41.060 | WARNING | Task run 'process_ndvi_to_geotiff' - Skipping NaT time value: NaT
08:50:41.061 | WARNING | Task run 'process_ndvi_to_geotiff' - Skipping NaT time value: NaT
08:50:41.061 | WARNING | Task run 'process_ndvi_to_geotiff' - Skipping NaT time value: NaT
08:50:41.062 | WARNING | Task run 'process_ndvi_to_geotiff' - Skipping NaT time value: NaT
08:50:41.062 | WARNING | Task run 'process_ndvi_to_geotiff' - Skipping NaT time value: NaT
08:50:41.062 | WARNING | Task run 'process_ndvi_to_geotiff' - Skipping NaT time value: NaT
08:50:41.063 | WARNING | Task run 'process_ndvi_to_geotiff' - Skipping NaT time value: NaT
08:50:41.063 | WARNING | Task run 'process_ndvi_to_geotiff' - Skipping NaT time value: NaT
08:50:41.064 | WARNING | Task run 'process_ndvi_to_geotiff' - Skipping NaT time value: NaT
08:50:41.064 | WARNING | Task run 'process_ndvi_to_geotiff' - Skipping NaT time value: NaT
08:50:41.064 | WARNING | Task run 'process_ndvi_to_geotiff' - Skipping NaT time value: NaT
08:50:41.066 | INFO    | Task run 'process_ndvi_to_geotiff' - Finished in state Completed()
08:50:41.153 | WARNING | Task run 'process_ndvi_to_geotiff' - Skipping NaT time value: NaT
08:50:41.154 | WARNING | Task run 'process_ndvi_to_geotiff' - Skipping NaT time value: NaT
08:50:41.154 | WARNING | Task run 'process_ndvi_to_geotiff' - Skipping NaT time value: NaT
08:50:41.155 | WARNING | Task run 'process_ndvi_to_geotiff' - Skipping NaT time value: NaT
08:50:41.155 | WARNING | Task run 'process_ndvi_to_geotiff' - Skipping NaT time value: NaT
08:50:41.156 | WARNING | Task run 'process_ndvi_to_geotiff' - Skipping NaT time value: NaT
08:50:41.156 | WARNING | Task run 'process_ndvi_to_geotiff' - Skipping NaT time value: NaT
08:50:41.157 | WARNING | Task run 'process_ndvi_to_geotiff' - Skipping NaT time value: NaT
08:50:41.157 | WARNING | Task run 'process_ndvi_to_geotiff' - Skipping NaT time value: NaT
08:50:41.157 | WARNING | Task run 'process_ndvi_to_geotiff' - Skipping NaT time value: NaT
08:50:41.158 | WARNING | Task run 'process_ndvi_to_geotiff' - Skipping NaT time value: NaT
08:50:41.158 | WARNING | Task run 'process_ndvi_to_geotiff' - Skipping NaT time value: NaT
08:50:41.158 | WARNING | Task run 'process_ndvi_to_geotiff' - Skipping NaT time value: NaT
08:50:41.159 | WARNING | Task run 'process_ndvi_to_geotiff' - Skipping NaT time value: NaT
08:50:41.159 | WARNING | Task run 'process_ndvi_to_geotiff' - Skipping NaT time value: NaT
08:50:41.160 | WARNING | Task run 'process_ndvi_to_geotiff' - Skipping NaT time value: NaT
08:50:41.160 | WARNING | Task run 'process_ndvi_to_geotiff' - Skipping NaT time value: NaT
08:50:41.161 | WARNING | Task run 'process_ndvi_to_geotiff' - Skipping NaT time value: NaT
08:50:41.161 | WARNING | Task run 'process_ndvi_to_geotiff' - Skipping NaT time value: NaT
08:50:41.161 | WARNING | Task run 'process_ndvi_to_geotiff' - Skipping NaT time value: NaT
08:50:41.162 | WARNING | Task run 'process_ndvi_to_geotiff' - Skipping NaT time value: NaT
08:50:41.162 | WARNING | Task run 'process_ndvi_to_geotiff' - Skipping NaT time value: NaT
08:50:41.163 | WARNING | Task run 'process_ndvi_to_geotiff' - Skipping NaT time value: NaT
08:50:41.163 | WARNING | Task run 'process_ndvi_to_geotiff' - Skipping NaT time value: NaT
08:50:41.164 | WARNING | Task run 'process_ndvi_to_geotiff' - Skipping NaT time value: NaT
08:50:41.164 | WARNING | Task run 'process_ndvi_to_geotiff' - Skipping NaT time value: NaT
08:50:41.164 | WARNING | Task run 'process_ndvi_to_geotiff' - Skipping NaT time value: NaT
08:50:41.165 | WARNING | Task run 'process_ndvi_to_geotiff' - Skipping NaT time value: NaT
08:50:41.165 | WARNING | Task run 'process_ndvi_to_geotiff' - Skipping NaT time value: NaT
08:50:41.166 | WARNING | Task run 'process_ndvi_to_geotiff' - Skipping NaT time value: NaT
08:50:41.166 | WARNING | Task run 'process_ndvi_to_geotiff' - Skipping NaT time value: NaT
08:50:41.166 | WARNING | Task run 'process_ndvi_to_geotiff' - Skipping NaT time value: NaT
08:50:41.167 | WARNING | Task run 'process_ndvi_to_geotiff' - Skipping NaT time value: NaT
08:50:41.167 | WARNING | Task run 'process_ndvi_to_geotiff' - Skipping NaT time value: NaT
08:50:41.168 | WARNING | Task run 'process_ndvi_to_geotiff' - Skipping NaT time value: NaT
08:50:41.168 | WARNING | Task run 'process_ndvi_to_geotiff' - Skipping NaT time value: NaT
08:50:41.169 | WARNING | Task run 'process_ndvi_to_geotiff' - Skipping NaT time value: NaT
08:50:41.171 | WARNING | Task run 'process_ndvi_to_geotiff' - Skipping NaT time value: NaT
08:50:41.171 | WARNING | Task run 'process_ndvi_to_geotiff' - Skipping NaT time value: NaT
08:50:41.172 | WARNING | Task run 'process_ndvi_to_geotiff' - Skipping NaT time value: NaT
08:50:41.173 | INFO    | Task run 'process_ndvi_to_geotiff' - Finished in state Completed()
08:50:41.262 | WARNING | Task run 'process_ndvi_to_geotiff' - Skipping NaT time value: NaT
08:50:41.262 | WARNING | Task run 'process_ndvi_to_geotiff' - Skipping NaT time value: NaT
08:50:41.263 | WARNING | Task run 'process_ndvi_to_geotiff' - Skipping NaT time value: NaT
08:50:41.263 | WARNING | Task run 'process_ndvi_to_geotiff' - Skipping NaT time value: NaT
08:50:41.264 | WARNING | Task run 'process_ndvi_to_geotiff' - Skipping NaT time value: NaT
08:50:41.264 | WARNING | Task run 'process_ndvi_to_geotiff' - Skipping NaT time value: NaT
08:50:41.265 | WARNING | Task run 'process_ndvi_to_geotiff' - Skipping NaT time value: NaT
08:50:41.265 | WARNING | Task run 'process_ndvi_to_geotiff' - Skipping NaT time value: NaT
08:50:41.265 | WARNING | Task run 'process_ndvi_to_geotiff' - Skipping NaT time value: NaT
08:50:41.266 | WARNING | Task run 'process_ndvi_to_geotiff' - Skipping NaT time value: NaT
08:50:41.266 | WARNING | Task run 'process_ndvi_to_geotiff' - Skipping NaT time value: NaT
08:50:41.267 | WARNING | Task run 'process_ndvi_to_geotiff' - Skipping NaT time value: NaT
08:50:41.267 | WARNING | Task run 'process_ndvi_to_geotiff' - Skipping NaT time value: NaT
08:50:41.267 | WARNING | Task run 'process_ndvi_to_geotiff' - Skipping NaT time value: NaT
08:50:41.268 | WARNING | Task run 'process_ndvi_to_geotiff' - Skipping NaT time value: NaT
08:50:41.268 | WARNING | Task run 'process_ndvi_to_geotiff' - Skipping NaT time value: NaT
08:50:41.268 | WARNING | Task run 'process_ndvi_to_geotiff' - Skipping NaT time value: NaT
08:50:41.269 | WARNING | Task run 'process_ndvi_to_geotiff' - Skipping NaT time value: NaT
08:50:41.269 | WARNING | Task run 'process_ndvi_to_geotiff' - Skipping NaT time value: NaT
08:50:41.270 | WARNING | Task run 'process_ndvi_to_geotiff' - Skipping NaT time value: NaT
08:50:41.270 | WARNING | Task run 'process_ndvi_to_geotiff' - Skipping NaT time value: NaT
08:50:41.271 | WARNING | Task run 'process_ndvi_to_geotiff' - Skipping NaT time value: NaT
08:50:41.271 | WARNING | Task run 'process_ndvi_to_geotiff' - Skipping NaT time value: NaT
08:50:41.271 | WARNING | Task run 'process_ndvi_to_geotiff' - Skipping NaT time value: NaT
08:50:41.272 | WARNING | Task run 'process_ndvi_to_geotiff' - Skipping NaT time value: NaT
08:50:41.272 | WARNING | Task run 'process_ndvi_to_geotiff' - Skipping NaT time value: NaT
08:50:41.273 | WARNING | Task run 'process_ndvi_to_geotiff' - Skipping NaT time value: NaT
08:50:41.273 | WARNING | Task run 'process_ndvi_to_geotiff' - Skipping NaT time value: NaT
08:50:41.274 | WARNING | Task run 'process_ndvi_to_geotiff' - Skipping NaT time value: NaT
08:50:41.274 | WARNING | Task run 'process_ndvi_to_geotiff' - Skipping NaT time value: NaT
08:50:41.275 | WARNING | Task run 'process_ndvi_to_geotiff' - Skipping NaT time value: NaT
08:50:41.275 | WARNING | Task run 'process_ndvi_to_geotiff' - Skipping NaT time value: NaT
08:50:41.275 | WARNING | Task run 'process_ndvi_to_geotiff' - Skipping NaT time value: NaT
08:50:41.276 | WARNING | Task run 'process_ndvi_to_geotiff' - Skipping NaT time value: NaT
08:50:41.276 | WARNING | Task run 'process_ndvi_to_geotiff' - Skipping NaT time value: NaT
08:50:41.277 | INFO    | Task run 'process_ndvi_to_geotiff' - Finished in state Completed()
08:50:41.366 | WARNING | Task run 'process_ndvi_to_geotiff' - Skipping NaT time value: NaT
08:50:41.367 | WARNING | Task run 'process_ndvi_to_geotiff' - Skipping NaT time value: NaT
08:50:41.367 | WARNING | Task run 'process_ndvi_to_geotiff' - Skipping NaT time value: NaT
08:50:41.368 | WARNING | Task run 'process_ndvi_to_geotiff' - Skipping NaT time value: NaT
08:50:41.368 | WARNING | Task run 'process_ndvi_to_geotiff' - Skipping NaT time value: NaT
08:50:41.368 | WARNING | Task run 'process_ndvi_to_geotiff' - Skipping NaT time value: NaT
08:50:41.369 | WARNING | Task run 'process_ndvi_to_geotiff' - Skipping NaT time value: NaT
08:50:41.369 | WARNING | Task run 'process_ndvi_to_geotiff' - Skipping NaT time value: NaT
08:50:41.369 | WARNING | Task run 'process_ndvi_to_geotiff' - Skipping NaT time value: NaT
08:50:41.370 | WARNING | Task run 'process_ndvi_to_geotiff' - Skipping NaT time value: NaT
08:50:41.370 | WARNING | Task run 'process_ndvi_to_geotiff' - Skipping NaT time value: NaT
08:50:41.370 | WARNING | Task run 'process_ndvi_to_geotiff' - Skipping NaT time value: NaT
08:50:41.371 | WARNING | Task run 'process_ndvi_to_geotiff' - Skipping NaT time value: NaT
08:50:41.371 | WARNING | Task run 'process_ndvi_to_geotiff' - Skipping NaT time value: NaT
08:50:41.371 | WARNING | Task run 'process_ndvi_to_geotiff' - Skipping NaT time value: NaT
08:50:41.372 | WARNING | Task run 'process_ndvi_to_geotiff' - Skipping NaT time value: NaT
08:50:41.372 | WARNING | Task run 'process_ndvi_to_geotiff' - Skipping NaT time value: NaT
08:50:41.373 | WARNING | Task run 'process_ndvi_to_geotiff' - Skipping NaT time value: NaT
08:50:41.373 | WARNING | Task run 'process_ndvi_to_geotiff' - Skipping NaT time value: NaT
08:50:41.374 | WARNING | Task run 'process_ndvi_to_geotiff' - Skipping NaT time value: NaT
08:50:41.374 | WARNING | Task run 'process_ndvi_to_geotiff' - Skipping NaT time value: NaT
08:50:41.374 | WARNING | Task run 'process_ndvi_to_geotiff' - Skipping NaT time value: NaT
08:50:41.375 | WARNING | Task run 'process_ndvi_to_geotiff' - Skipping NaT time value: NaT
08:50:41.375 | WARNING | Task run 'process_ndvi_to_geotiff' - Skipping NaT time value: NaT
08:50:41.375 | WARNING | Task run 'process_ndvi_to_geotiff' - Skipping NaT time value: NaT
08:50:41.376 | WARNING | Task run 'process_ndvi_to_geotiff' - Skipping NaT time value: NaT
08:50:41.376 | WARNING | Task run 'process_ndvi_to_geotiff' - Skipping NaT time value: NaT
08:50:41.376 | WARNING | Task run 'process_ndvi_to_geotiff' - Skipping NaT time value: NaT
08:50:41.377 | WARNING | Task run 'process_ndvi_to_geotiff' - Skipping NaT time value: NaT
08:50:41.377 | WARNING | Task run 'process_ndvi_to_geotiff' - Skipping NaT time value: NaT
08:50:41.379 | INFO    | Task run 'process_ndvi_to_geotiff' - Finished in state Completed()
08:50:41.484 | WARNING | Task run 'process_ndvi_to_geotiff' - Skipping NaT time value: NaT
08:50:41.485 | WARNING | Task run 'process_ndvi_to_geotiff' - Skipping NaT time value: NaT
08:50:41.485 | WARNING | Task run 'process_ndvi_to_geotiff' - Skipping NaT time value: NaT
08:50:41.486 | WARNING | Task run 'process_ndvi_to_geotiff' - Skipping NaT time value: NaT
08:50:41.486 | WARNING | Task run 'process_ndvi_to_geotiff' - Skipping NaT time value: NaT
08:50:41.487 | WARNING | Task run 'process_ndvi_to_geotiff' - Skipping NaT time value: NaT
08:50:41.487 | WARNING | Task run 'process_ndvi_to_geotiff' - Skipping NaT time value: NaT
08:50:41.488 | WARNING | Task run 'process_ndvi_to_geotiff' - Skipping NaT time value: NaT
08:50:41.488 | WARNING | Task run 'process_ndvi_to_geotiff' - Skipping NaT time value: NaT
08:50:41.489 | WARNING | Task run 'process_ndvi_to_geotiff' - Skipping NaT time value: NaT
08:50:41.489 | WARNING | Task run 'process_ndvi_to_geotiff' - Skipping NaT time value: NaT
08:50:41.490 | WARNING | Task run 'process_ndvi_to_geotiff' - Skipping NaT time value: NaT
08:50:41.490 | WARNING | Task run 'process_ndvi_to_geotiff' - Skipping NaT time value: NaT
08:50:41.490 | WARNING | Task run 'process_ndvi_to_geotiff' - Skipping NaT time value: NaT
08:50:41.491 | WARNING | Task run 'process_ndvi_to_geotiff' - Skipping NaT time value: NaT
08:50:41.491 | WARNING | Task run 'process_ndvi_to_geotiff' - Skipping NaT time value: NaT
08:50:41.492 | WARNING | Task run 'process_ndvi_to_geotiff' - Skipping NaT time value: NaT
08:50:41.492 | WARNING | Task run 'process_ndvi_to_geotiff' - Skipping NaT time value: NaT
08:50:41.492 | WARNING | Task run 'process_ndvi_to_geotiff' - Skipping NaT time value: NaT
08:50:41.493 | WARNING | Task run 'process_ndvi_to_geotiff' - Skipping NaT time value: NaT
08:50:41.493 | WARNING | Task run 'process_ndvi_to_geotiff' - Skipping NaT time value: NaT
08:50:41.495 | INFO    | Task run 'process_ndvi_to_geotiff' - Finished in state Completed()
08:50:41.566 | WARNING | Task run 'process_ndvi_to_geotiff' - Skipping NaT time value: NaT
08:50:41.567 | WARNING | Task run 'process_ndvi_to_geotiff' - Skipping NaT time value: NaT
08:50:41.567 | WARNING | Task run 'process_ndvi_to_geotiff' - Skipping NaT time value: NaT
08:50:41.567 | WARNING | Task run 'process_ndvi_to_geotiff' - Skipping NaT time value: NaT
08:50:41.568 | WARNING | Task run 'process_ndvi_to_geotiff' - Skipping NaT time value: NaT
08:50:41.568 | WARNING | Task run 'process_ndvi_to_geotiff' - Skipping NaT time value: NaT
08:50:41.569 | WARNING | Task run 'process_ndvi_to_geotiff' - Skipping NaT time value: NaT
08:50:41.569 | WARNING | Task run 'process_ndvi_to_geotiff' - Skipping NaT time value: NaT
08:50:41.570 | WARNING | Task run 'process_ndvi_to_geotiff' - Skipping NaT time value: NaT
08:50:41.570 | WARNING | Task run 'process_ndvi_to_geotiff' - Skipping NaT time value: NaT
08:50:41.570 | WARNING | Task run 'process_ndvi_to_geotiff' - Skipping NaT time value: NaT
08:50:41.571 | WARNING | Task run 'process_ndvi_to_geotiff' - Skipping NaT time value: NaT
08:50:41.571 | WARNING | Task run 'process_ndvi_to_geotiff' - Skipping NaT time value: NaT
08:50:41.571 | WARNING | Task run 'process_ndvi_to_geotiff' - Skipping NaT time value: NaT
08:50:41.572 | WARNING | Task run 'process_ndvi_to_geotiff' - Skipping NaT time value: NaT
08:50:41.572 | WARNING | Task run 'process_ndvi_to_geotiff' - Skipping NaT time value: NaT
08:50:41.572 | WARNING | Task run 'process_ndvi_to_geotiff' - Skipping NaT time value: NaT
08:50:41.573 | WARNING | Task run 'process_ndvi_to_geotiff' - Skipping NaT time value: NaT
08:50:41.574 | WARNING | Task run 'process_ndvi_to_geotiff' - Skipping NaT time value: NaT
08:50:41.576 | WARNING | Task run 'process_ndvi_to_geotiff' - Skipping NaT time value: NaT
08:50:41.576 | WARNING | Task run 'process_ndvi_to_geotiff' - Skipping NaT time value: NaT
08:50:41.577 | WARNING | Task run 'process_ndvi_to_geotiff' - Skipping NaT time value: NaT
08:50:41.577 | WARNING | Task run 'process_ndvi_to_geotiff' - Skipping NaT time value: NaT
08:50:41.577 | WARNING | Task run 'process_ndvi_to_geotiff' - Skipping NaT time value: NaT
08:50:41.578 | WARNING | Task run 'process_ndvi_to_geotiff' - Skipping NaT time value: NaT
08:50:41.578 | WARNING | Task run 'process_ndvi_to_geotiff' - Skipping NaT time value: NaT
08:50:41.580 | INFO    | Task run 'process_ndvi_to_geotiff' - Finished in state Completed()
08:50:41.657 | WARNING | Task run 'process_ndvi_to_geotiff' - Skipping NaT time value: NaT
08:50:41.658 | WARNING | Task run 'process_ndvi_to_geotiff' - Skipping NaT time value: NaT
08:50:41.658 | WARNING | Task run 'process_ndvi_to_geotiff' - Skipping NaT time value: NaT
08:50:41.659 | WARNING | Task run 'process_ndvi_to_geotiff' - Skipping NaT time value: NaT
08:50:41.659 | WARNING | Task run 'process_ndvi_to_geotiff' - Skipping NaT time value: NaT
08:50:41.659 | WARNING | Task run 'process_ndvi_to_geotiff' - Skipping NaT time value: NaT
08:50:41.660 | WARNING | Task run 'process_ndvi_to_geotiff' - Skipping NaT time value: NaT
08:50:41.660 | WARNING | Task run 'process_ndvi_to_geotiff' - Skipping NaT time value: NaT
08:50:41.661 | WARNING | Task run 'process_ndvi_to_geotiff' - Skipping NaT time value: NaT
08:50:41.661 | WARNING | Task run 'process_ndvi_to_geotiff' - Skipping NaT time value: NaT
08:50:41.662 | WARNING | Task run 'process_ndvi_to_geotiff' - Skipping NaT time value: NaT
08:50:41.662 | WARNING | Task run 'process_ndvi_to_geotiff' - Skipping NaT time value: NaT
08:50:41.663 | WARNING | Task run 'process_ndvi_to_geotiff' - Skipping NaT time value: NaT
08:50:41.664 | WARNING | Task run 'process_ndvi_to_geotiff' - Skipping NaT time value: NaT
08:50:41.664 | WARNING | Task run 'process_ndvi_to_geotiff' - Skipping NaT time value: NaT
08:50:41.664 | WARNING | Task run 'process_ndvi_to_geotiff' - Skipping NaT time value: NaT
08:50:41.665 | WARNING | Task run 'process_ndvi_to_geotiff' - Skipping NaT time value: NaT
08:50:41.665 | WARNING | Task run 'process_ndvi_to_geotiff' - Skipping NaT time value: NaT
08:50:41.666 | WARNING | Task run 'process_ndvi_to_geotiff' - Skipping NaT time value: NaT
08:50:41.666 | WARNING | Task run 'process_ndvi_to_geotiff' - Skipping NaT time value: NaT
08:50:41.666 | WARNING | Task run 'process_ndvi_to_geotiff' - Skipping NaT time value: NaT
08:50:41.667 | WARNING | Task run 'process_ndvi_to_geotiff' - Skipping NaT time value: NaT
08:50:41.668 | INFO    | Task run 'process_ndvi_to_geotiff' - Finished in state Completed()
08:50:41.689 | WARNING | Task run 'process_ndvi_to_geotiff' - Skipping NaT time value: NaT
08:50:41.689 | WARNING | Task run 'process_ndvi_to_geotiff' - Skipping NaT time value: NaT
08:50:41.690 | WARNING | Task run 'process_ndvi_to_geotiff' - Skipping NaT time value: NaT
08:50:41.690 | WARNING | Task run 'process_ndvi_to_geotiff' - Skipping NaT time value: NaT
08:50:41.691 | WARNING | Task run 'process_ndvi_to_geotiff' - Skipping NaT time value: NaT
08:50:41.691 | WARNING | Task run 'process_ndvi_to_geotiff' - Skipping NaT time value: NaT
08:50:41.692 | WARNING | Task run 'process_ndvi_to_geotiff' - Skipping NaT time value: NaT
08:50:41.692 | WARNING | Task run 'process_ndvi_to_geotiff' - Skipping NaT time value: NaT
08:50:41.692 | WARNING | Task run 'process_ndvi_to_geotiff' - Skipping NaT time value: NaT
08:50:41.693 | WARNING | Task run 'process_ndvi_to_geotiff' - Skipping NaT time value: NaT
08:50:41.693 | WARNING | Task run 'process_ndvi_to_geotiff' - Skipping NaT time value: NaT
08:50:41.694 | WARNING | Task run 'process_ndvi_to_geotiff' - Skipping NaT time value: NaT
08:50:41.694 | WARNING | Task run 'process_ndvi_to_geotiff' - Skipping NaT time value: NaT
08:50:41.694 | WARNING | Task run 'process_ndvi_to_geotiff' - Skipping NaT time value: NaT
08:50:41.695 | WARNING | Task run 'process_ndvi_to_geotiff' - Skipping NaT time value: NaT
08:50:41.695 | WARNING | Task run 'process_ndvi_to_geotiff' - Skipping NaT time value: NaT
08:50:41.695 | WARNING | Task run 'process_ndvi_to_geotiff' - Skipping NaT time value: NaT
08:50:41.696 | WARNING | Task run 'process_ndvi_to_geotiff' - Skipping NaT time value: NaT
08:50:41.696 | WARNING | Task run 'process_ndvi_to_geotiff' - Skipping NaT time value: NaT
08:50:41.697 | WARNING | Task run 'process_ndvi_to_geotiff' - Skipping NaT time value: NaT
08:50:41.697 | WARNING | Task run 'process_ndvi_to_geotiff' - Skipping NaT time value: NaT
08:50:41.697 | WARNING | Task run 'process_ndvi_to_geotiff' - Skipping NaT time value: NaT
08:50:41.698 | WARNING | Task run 'process_ndvi_to_geotiff' - Skipping NaT time value: NaT
08:50:41.698 | WARNING | Task run 'process_ndvi_to_geotiff' - Skipping NaT time value: NaT
08:50:41.699 | WARNING | Task run 'process_ndvi_to_geotiff' - Skipping NaT time value: NaT
08:50:41.700 | WARNING | Task run 'process_ndvi_to_geotiff' - Skipping NaT time value: NaT
08:50:41.701 | WARNING | Task run 'process_ndvi_to_geotiff' - Skipping NaT time value: NaT
08:50:41.701 | WARNING | Task run 'process_ndvi_to_geotiff' - Skipping NaT time value: NaT
08:50:41.702 | WARNING | Task run 'process_ndvi_to_geotiff' - Skipping NaT time value: NaT
08:50:41.703 | INFO    | Task run 'process_ndvi_to_geotiff' - Finished in state Completed()
08:50:41.704 | ERROR   | __main__ - 
✗ No GeoTIFFs created. Check errors above.


08:50:41.809 | INFO    | prefect - Stopping temporary server on http://127.0.0.1:8185
